[INFO ][17:02:20,958][main] (com.arkanoid.ADLauncher) - 服务器开始启动
[INFO ][17:02:21,063][main] (context.support.FileSystemXmlApplicationContext) - Refreshing org.springframework.context.support.FileSystemXmlApplicationContext@2d363fb3: startup date [Thu Sep 19 17:02:21 CST 2019]; root of context hierarchy
[INFO ][17:02:21,110][main] (factory.xml.XmlBeanDefinitionReader) - Loading XML bean definitions from file [D:\workspace\arkanoid_java\config\propholder.xml]
[INFO ][17:02:21,138][main] (factory.xml.XmlBeanDefinitionReader) - Loading XML bean definitions from class path resource [config/root.xml]
[INFO ][17:02:21,149][main] (factory.xml.XmlBeanDefinitionReader) - Loading XML bean definitions from class path resource [config/dbconfig.xml]
[INFO ][17:02:21,214][main] (factory.xml.XmlBeanDefinitionReader) - Loading XML bean definitions from class path resource [config/core.xml]
[INFO ][17:02:21,223][main] (factory.xml.XmlBeanDefinitionReader) - Loading XML bean definitions from class path resource [config/cmd.xml]
[INFO ][17:02:21,231][main] (factory.xml.XmlBeanDefinitionReader) - Loading XML bean definitions from class path resource [config/rank.xml]
[INFO ][17:02:21,308][main] (factory.config.PropertyPlaceholderConfigurer) - Loading properties file from file [D:\workspace\arkanoid_java\config\redis.properties]
[INFO ][17:02:21,309][main] (factory.config.PropertyPlaceholderConfigurer) - Loading properties file from file [D:\workspace\arkanoid_java\config\timerTask.properties]
[INFO ][17:02:21,309][main] (factory.config.PropertyPlaceholderConfigurer) - Loading properties file from file [D:\workspace\arkanoid_java\config\threadPoolVariables.properties]
[INFO ][17:02:21,559][main] (com.arkanoid.ADLauncher) - 服务器启动成功
[INFO ][17:02:22,876][eventExecutor-2-thread-1] (core.net.HttpSocket) - AYUE1002-{"playerNickName":"阿岳*https://wx.qlogo.cn/mmopen/vi_32/Q0j4TwGTfTIvUOPozOeMQIBwib7DnK4cYtGzJ1fhBOZC0hqEHSticvBHrl706XkNVMOk0o9icRBeeqezL7hzn6Wlw/132","score":0}
[INFO ][17:02:31,734][eventExecutor-2-thread-2] (core.net.HttpSocket) - AYUE1002-{"playerNickName":"阿岳*https://wx.qlogo.cn/mmopen/vi_32/Q0j4TwGTfTIvUOPozOeMQIBwib7DnK4cYtGzJ1fhBOZC0hqEHSticvBHrl706XkNVMOk0o9icRBeeqezL7hzn6Wlw/132","score":0}
[INFO ][17:02:37,631][eventExecutor-2-thread-3] (core.net.HttpSocket) - AYUE1001-{"start":0,"count":100}
[INFO ][17:02:38,894][eventExecutor-2-thread-4] (core.net.HttpSocket) - AYUE1001-{"start":0,"count":100}
[INFO ][17:02:39,991][eventExecutor-2-thread-5] (core.net.HttpSocket) - AYUE1001-{"start":0,"count":100}
[INFO ][17:02:41,102][eventExecutor-2-thread-6] (core.net.HttpSocket) - AYUE1001-{"start":0,"count":100}
[INFO ][17:02:42,206][eventExecutor-2-thread-7] (core.net.HttpSocket) - AYUE1001-{"start":0,"count":100}
[INFO ][17:02:43,318][eventExecutor-2-thread-8] (core.net.HttpSocket) - AYUE1001-{"start":0,"count":100}
[INFO ][17:02:44,430][eventExecutor-2-thread-1] (core.net.HttpSocket) - AYUE1001-{"start":0,"count":100}
[INFO ][17:02:45,494][eventExecutor-2-thread-2] (core.net.HttpSocket) - AYUE1001-{"start":0,"count":100}
[INFO ][17:02:46,727][eventExecutor-2-thread-3] (core.net.HttpSocket) - AYUE1001-{"start":0,"count":100}
[INFO ][17:02:47,963][eventExecutor-2-thread-4] (core.net.HttpSocket) - Accept-Encoding: gzip, deflate
[INFO ][17:02:47,994][eventExecutor-2-thread-5] (core.net.HttpSocket) - AYUE1001-{"start":0,"count":100}
[INFO ][17:03:52,550][eventExecutor-2-thread-6] (core.net.HttpSocket) - Accept-Encoding: gzip, deflate
[INFO ][17:04:18,067][eventExecutor-2-thread-7] (core.net.HttpSocket) - AYUE1002-{"playerNickName":"阿岳*https://wx.qlogo.cn/mmopen/vi_32/Q0j4TwGTfTIvUOPozOeMQIBwib7DnK4cYtGzJ1fhBOZC0hqEHSticvBHrl706XkNVMOk0o9icRBeeqezL7hzn6Wlw/132","score":0}
[INFO ][17:04:19,798][eventExecutor-2-thread-8] (core.net.HttpSocket) - Accept-Encoding: gzip, deflate
[INFO ][17:04:19,808][eventExecutor-2-thread-1] (core.net.HttpSocket) - AYUE1001-{"start":0,"count":100}
[INFO ][17:04:27,749][eventExecutor-2-thread-2] (core.net.HttpSocket) - AYUE1001-{"start":0,"count":100}
[INFO ][17:04:31,077][eventExecutor-2-thread-3] (core.net.HttpSocket) - AYUE1001-{"start":0,"count":100}
[INFO ][17:04:35,613][eventExecutor-2-thread-4] (core.net.HttpSocket) - Accept-Encoding: gzip, deflate
[INFO ][17:04:35,624][eventExecutor-2-thread-5] (core.net.HttpSocket) - AYUE1001-{"start":0,"count":100}
[INFO ][17:04:36,745][eventExecutor-2-thread-6] (core.net.HttpSocket) - AYUE1001-{"start":0,"count":100}
[INFO ][17:04:43,512][eventExecutor-2-thread-7] (core.net.HttpSocket) - AYUE1001-{"start":0,"count":100}
[INFO ][17:04:44,671][eventExecutor-2-thread-8] (core.net.HttpSocket) - Accept-Encoding: gzip, deflate
[INFO ][17:04:44,682][eventExecutor-2-thread-1] (core.net.HttpSocket) - AYUE1001-{"start":0,"count":100}
[INFO ][17:04:46,740][eventExecutor-2-thread-2] (core.net.HttpSocket) - AYUE1001-{"start":0,"count":100}
[INFO ][17:04:47,737][eventExecutor-2-thread-3] (core.net.HttpSocket) - Accept-Encoding: gzip, deflate
[INFO ][17:04:47,747][eventExecutor-2-thread-4] (core.net.HttpSocket) - Accept-Encoding: gzip, deflate
[INFO ][17:04:47,758][eventExecutor-2-thread-5] (core.net.HttpSocket) - Accept-Encoding: gzip, deflate
[INFO ][17:04:47,771][eventExecutor-2-thread-6] (core.net.HttpSocket) - AYUE1001-{"start":0,"count":100}
[INFO ][17:25:39,443][main] (com.arkanoid.ADLauncher) - 服务器开始启动
[INFO ][17:25:39,541][main] (context.support.FileSystemXmlApplicationContext) - Refreshing org.springframework.context.support.FileSystemXmlApplicationContext@2d363fb3: startup date [Thu Sep 19 17:25:39 CST 2019]; root of context hierarchy
[INFO ][17:25:39,574][main] (factory.xml.XmlBeanDefinitionReader) - Loading XML bean definitions from file [D:\workspace\arkanoid_java\config\propholder.xml]
[INFO ][17:25:39,596][main] (factory.xml.XmlBeanDefinitionReader) - Loading XML bean definitions from class path resource [config/root.xml]
[INFO ][17:25:39,604][main] (factory.xml.XmlBeanDefinitionReader) - Loading XML bean definitions from class path resource [config/dbconfig.xml]
[INFO ][17:25:39,665][main] (factory.xml.XmlBeanDefinitionReader) - Loading XML bean definitions from class path resource [config/core.xml]
[INFO ][17:25:39,673][main] (factory.xml.XmlBeanDefinitionReader) - Loading XML bean definitions from class path resource [config/cmd.xml]
[INFO ][17:25:39,683][main] (factory.xml.XmlBeanDefinitionReader) - Loading XML bean definitions from class path resource [config/rank.xml]
[INFO ][17:25:39,757][main] (factory.config.PropertyPlaceholderConfigurer) - Loading properties file from file [D:\workspace\arkanoid_java\config\redis.properties]
[INFO ][17:25:39,758][main] (factory.config.PropertyPlaceholderConfigurer) - Loading properties file from file [D:\workspace\arkanoid_java\config\timerTask.properties]
[INFO ][17:25:39,758][main] (factory.config.PropertyPlaceholderConfigurer) - Loading properties file from file [D:\workspace\arkanoid_java\config\threadPoolVariables.properties]
[INFO ][17:25:39,982][main] (com.arkanoid.ADLauncher) - 服务器启动成功
[INFO ][17:26:05,050][eventExecutor-2-thread-1] (core.net.HttpSocket) - AYUE1002-{"playerNickName":"阿岳*https://wx.qlogo.cn/mmopen/vi_32/Q0j4TwGTfTIvUOPozOeMQIBwib7DnK4cYtGzJ1fhBOZC0hqEHSticvBHrl706XkNVMOk0o9icRBeeqezL7hzn6Wlw/132","score":0}
[INFO ][17:26:28,168][eventExecutor-2-thread-2] (core.net.HttpSocket) - AYUE1002-{"playerNickName":"阿岳*https://wx.qlogo.cn/mmopen/vi_32/Q0j4TwGTfTIvUOPozOeMQIBwib7DnK4cYtGzJ1fhBOZC0hqEHSticvBHrl706XkNVMOk0o9icRBeeqezL7hzn6Wlw/132","score":0}
[INFO ][17:26:30,789][eventExecutor-2-thread-3] (core.net.HttpSocket) - AYUE1001-{"start":0,"count":100}
[INFO ][17:26:32,156][eventExecutor-2-thread-4] (core.net.HttpSocket) - AYUE1001-{"start":0,"count":100}
[INFO ][17:26:33,208][eventExecutor-2-thread-5] (core.net.HttpSocket) - AYUE1001-{"start":0,"count":100}
[INFO ][17:26:34,074][eventExecutor-2-thread-6] (core.net.HttpSocket) - AYUE1001-{"start":0,"count":100}
[INFO ][17:26:40,867][eventExecutor-2-thread-7] (core.net.HttpSocket) - AYUE1001-{"start":0,"count":100}
[INFO ][17:26:41,315][eventExecutor-2-thread-8] (core.net.HttpSocket) - AYUE1001-{"start":0,"count":100}
[INFO ][17:26:41,651][eventExecutor-2-thread-1] (core.net.HttpSocket) - AYUE1001-{"start":0,"count":100}
[INFO ][17:26:41,978][eventExecutor-2-thread-2] (core.net.HttpSocket) - Accept-Encoding: gzip, deflate
[INFO ][17:26:41,985][eventExecutor-2-thread-3] (core.net.HttpSocket) - Accept-Encoding: gzip, deflate
[INFO ][17:26:41,994][eventExecutor-2-thread-4] (core.net.HttpSocket) - Accept-Encoding: gzip, deflate
[INFO ][17:26:42,001][eventExecutor-2-thread-5] (core.net.HttpSocket) - AYUE1001-{"start":0,"count":100}
[INFO ][17:26:42,634][eventExecutor-2-thread-6] (core.net.HttpSocket) - Accept-Encoding: gzip, deflate
[INFO ][17:26:42,646][eventExecutor-2-thread-7] (core.net.HttpSocket) - AYUE1001-{"start":0,"count":100}
[INFO ][17:26:43,440][eventExecutor-2-thread-8] (core.net.HttpSocket) - AYUE1001-{"start":0,"count":100}
[INFO ][17:26:44,146][eventExecutor-2-thread-1] (core.net.HttpSocket) - AYUE1001-{"start":0,"count":100}
[INFO ][17:26:44,666][eventExecutor-2-thread-2] (core.net.HttpSocket) - Accept-Encoding: gzip, deflate
[INFO ][17:26:44,676][eventExecutor-2-thread-3] (core.net.HttpSocket) - AYUE1001-{"start":0,"count":100}
[INFO ][17:26:45,163][eventExecutor-2-thread-4] (core.net.HttpSocket) - AYUE1001-{"start":0,"count":100}
[INFO ][17:26:45,578][eventExecutor-2-thread-5] (core.net.HttpSocket) - Accept-Encoding: gzip, deflate
[INFO ][17:26:45,586][eventExecutor-2-thread-6] (core.net.HttpSocket) - AYUE1001-{"start":0,"count":100}
[INFO ][17:26:49,394][eventExecutor-2-thread-7] (core.net.HttpSocket) - Accept-Encoding: gzip, deflate
[INFO ][17:26:49,400][eventExecutor-2-thread-8] (core.net.HttpSocket) - AYUE1001-{"start":0,"count":100}
[INFO ][17:26:50,620][eventExecutor-2-thread-1] (core.net.HttpSocket) - AYUE1001-{"start":0,"count":100}
